{"level":"info","message":"DB :: Files :: Add","timestamp":"2022-06-18T18:35:18.473Z"}
{"level":"info","message":"DB :: Files :: Add","timestamp":"2022-06-18T18:35:32.752Z"}
{"level":"info","message":"DB :: Files :: Add","timestamp":"2022-06-18T18:35:58.103Z"}
{"level":"info","message":"DB :: Files :: Add","timestamp":"2022-06-18T18:36:50.792Z"}
{"level":"info","message":"DB :: Files :: Add","timestamp":"2022-06-18T18:44:53.763Z"}
{"level":"info","message":"DB :: Files :: Add","timestamp":"2022-06-18T18:46:25.881Z"}
{"level":"info","message":"DB :: Files :: Add","timestamp":"2022-06-19T11:08:07.471Z"}
{"level":"info","message":"DB :: Files :: Add","timestamp":"2022-06-19T11:21:03.290Z"}
{"level":"info","message":"DB :: Files :: Add","timestamp":"2022-06-19T12:10:19.246Z"}
{"level":"info","message":"DB :: Files :: Add","timestamp":"2022-06-19T12:10:44.310Z"}
{"level":"info","message":"DB :: Files :: Add","timestamp":"2022-06-19T12:27:22.950Z"}
{"level":"info","message":"DB :: Files :: Add","timestamp":"2022-06-19T12:32:21.733Z"}
{"level":"info","message":"DB :: Files :: Add","timestamp":"2022-06-19T13:51:30.126Z"}
{"level":"info","message":"DB :: Files :: Add","timestamp":"2022-06-19T13:53:04.995Z"}
{"level":"info","message":"DB :: Files :: Add","timestamp":"2022-06-19T13:54:07.237Z"}
{"level":"info","message":"DB :: Files :: Add","timestamp":"2022-06-19T13:58:20.581Z"}
{"level":"info","message":"DB :: Files :: Add","timestamp":"2022-06-19T13:58:52.825Z"}
{"level":"info","message":"DB :: Files :: Add","timestamp":"2022-06-19T14:05:34.200Z"}
{"level":"info","message":"DB :: Files :: Add","timestamp":"2022-06-19T14:13:13.969Z"}
{"level":"info","message":"DB :: Files :: Add","timestamp":"2022-06-19T14:16:05.814Z"}
{"level":"info","message":"DB :: Files :: Add","timestamp":"2022-06-19T14:16:30.267Z"}
{"level":"info","message":"DB :: Files :: Add","timestamp":"2022-06-19T14:16:56.969Z"}
{"level":"info","message":"DB :: Files :: Add","timestamp":"2022-06-19T14:19:17.950Z"}
{"level":"info","message":"DB :: Files :: Add","timestamp":"2022-06-19T14:19:31.308Z"}
{"level":"info","message":"DB :: Files :: Add","timestamp":"2022-06-19T14:20:09.164Z"}
{"level":"info","message":"DB :: Files :: Add","timestamp":"2022-06-19T14:28:01.676Z"}
{"level":"info","message":"DB :: Files :: Add","timestamp":"2022-06-19T14:32:09.592Z"}
{"level":"info","message":"DB :: Files :: Add","timestamp":"2022-06-19T14:35:44.798Z"}
{"level":"info","message":"DB :: Files :: Add","timestamp":"2022-06-19T14:36:54.905Z"}
{"level":"info","message":"DB :: Files :: Add","timestamp":"2022-06-19T14:46:58.156Z"}
{"level":"info","message":"DB :: Files :: Add","timestamp":"2022-06-19T14:55:33.346Z"}
{"level":"info","message":"DB :: Files :: Add","timestamp":"2022-06-19T14:56:24.714Z"}
{"level":"info","message":"DB :: Files :: Add","timestamp":"2022-06-19T14:57:13.114Z"}
{"level":"info","message":"DB :: Files :: Add","timestamp":"2022-06-19T14:58:01.420Z"}
{"level":"info","message":"DB :: Files :: Add","timestamp":"2022-06-19T15:02:09.229Z"}
{"level":"info","message":"DB :: Files :: Add","timestamp":"2022-06-19T15:10:02.069Z"}
{"level":"info","message":"DB :: Files :: Add","timestamp":"2022-06-19T15:10:44.709Z"}
{"level":"info","message":"DB :: Files :: Add","timestamp":"2022-06-19T15:12:46.366Z"}
{"level":"info","message":"DB :: Files :: Add","timestamp":"2022-06-21T11:38:01.964Z"}
{"level":"info","message":"DB :: Files :: Add","timestamp":"2022-06-21T14:28:20.505Z"}
{"level":"info","message":"DB :: Files :: Add","timestamp":"2022-06-21T14:56:13.033Z"}
{"level":"info","message":"DB :: Files :: Add","timestamp":"2022-06-21T15:13:05.945Z"}
{"level":"info","message":"DB :: File :: get :: 11787d40-4f44-4fff-91f6-4e5208939437","timestamp":"2022-06-21T15:17:58.522Z"}
{"level":"info","message":"DB :: File :: get :: 11787d40-4f44-4fff-91f6-4e5208939437","timestamp":"2022-06-21T15:23:10.067Z"}
{"level":"info","message":"DB :: File :: get :: 11787d40-4f44-4fff-91f6-4e520893943","timestamp":"2022-06-21T15:23:16.243Z"}
{"level":"info","message":"DB :: File :: get :: 11787d40-4f44-4fff-91f6-4e520893943","timestamp":"2022-06-21T15:23:17.302Z"}
{"level":"info","message":"DB :: File :: get :: 11787d40-4f44-4fff-91f6-4e520893943","timestamp":"2022-06-21T15:23:19.342Z"}
{"level":"info","message":"DB :: File :: get :: 11787d40-4f44-4fff-91f6-4e520893943","timestamp":"2022-06-21T15:23:23.375Z"}
{"level":"info","message":"DB :: File :: get :: 11787d40-4f44-4fff-91f6-4e520893943","timestamp":"2022-06-21T15:23:33.811Z"}
{"level":"info","message":"DB :: File :: get :: 11787d40-4f44-4fff-91f6-4e520893943","timestamp":"2022-06-21T15:23:41.644Z"}
{"level":"info","message":"DB :: File :: get :: 11787d40-4f44-4fff-91f6-4e520893943","timestamp":"2022-06-21T15:23:43.663Z"}
{"level":"info","message":"DB :: File :: get :: 11787d40-4f44-4fff-91f6-4e520893943","timestamp":"2022-06-21T15:23:47.700Z"}
{"level":"info","message":"DB :: File :: get :: 11787d40-4f44-4fff-91f6-4e520893943","timestamp":"2022-06-21T15:24:13.824Z"}
{"level":"info","message":"DB :: File :: get :: 11787d40-4f44-4fff-91f6-4e520893943","timestamp":"2022-06-21T15:24:14.852Z"}
{"level":"info","message":"DB :: File :: get :: 11787d40-4f44-4fff-91f6-4e520893943","timestamp":"2022-06-21T15:24:16.874Z"}
{"level":"info","message":"DB :: File :: get :: 11787d40-4f44-4fff-91f6-4e520893943","timestamp":"2022-06-21T15:24:20.907Z"}
{"level":"info","message":"DB :: File :: get :: 11787d40-4f44-4fff-91f6-4e520893943","timestamp":"2022-06-21T15:24:23.471Z"}
{"level":"info","message":"DB :: File :: get :: 11787d40-4f44-4fff-91f6-4e520893943","timestamp":"2022-06-21T15:24:35.561Z"}
{"level":"info","message":"DB :: File :: get :: 11787d40-4f44-4fff-91f6-4e520893943","timestamp":"2022-06-21T15:24:37.593Z"}
{"level":"info","message":"DB :: File :: get :: f8ae0f5e-ec51-4e4b-a823-e4014182b4fc","timestamp":"2022-06-21T15:24:38.746Z"}
{"level":"info","message":"DB :: File :: get :: f8ae0f5e-ec51-4e4b-a823-e4014182b4fc","timestamp":"2022-06-21T15:28:18.855Z"}
{"level":"info","message":"DB :: File :: get :: 41604536-f02d-40f1-8743-6ac1fc753f96","timestamp":"2022-06-21T15:32:23.784Z"}
{"level":"info","message":"DB :: File :: get :: 41604536-f02d-40f1-8743-6ac1fc753f96","timestamp":"2022-06-21T15:32:54.048Z"}
{"level":"info","message":"DB :: File :: get :: 41604536-f02d-40f1-8743-6ac1fc753f96","timestamp":"2022-06-21T15:32:57.602Z"}
{"level":"info","message":"DB :: File :: get :: 41604536-f02d-40f1-8743-6ac1fc753f96","timestamp":"2022-06-21T15:33:00.527Z"}
{"level":"info","message":"DB :: File :: get :: 41604536-f02d-40f1-8743-6ac1fc753f96","timestamp":"2022-06-21T15:33:02.363Z"}
{"level":"info","message":"DB :: File :: get :: 41604536-f02d-40f1-8743-6ac1fc753f96","timestamp":"2022-06-21T15:33:57.850Z"}
{"level":"info","message":"DB :: File :: get :: 41604536-f02d-40f1-8743-6ac1fc753f96","timestamp":"2022-06-21T15:34:48.410Z"}
{"level":"info","message":"DB :: File :: get :: 41604536-f02d-40f1-8743-6ac1fc753f96","timestamp":"2022-06-21T15:34:49.264Z"}
{"level":"info","message":"DB :: File :: get :: 41604536-f02d-40f1-8743-6ac1fc753f96","timestamp":"2022-06-21T15:34:54.670Z"}
{"level":"info","message":"DB :: File :: get :: 41604536-f02d-40f1-8743-6ac1fc753f96","timestamp":"2022-06-21T15:35:00.726Z"}
{"level":"info","message":"DB :: File :: get :: 41604536-f02d-40f1-8743-6ac1fc753f96","timestamp":"2022-06-21T15:35:21.555Z"}
{"level":"info","message":"DB :: File :: get :: 41604536-f02d-40f1-8743-6ac1fc753f96","timestamp":"2022-06-21T15:35:26.108Z"}
{"level":"info","message":"DB :: File :: get :: 41604536-f02d-40f1-8743-6ac1fc753f96","timestamp":"2022-06-21T15:35:31.007Z"}
{"level":"info","message":"DB :: File :: get :: 41604536-f02d-40f1-8743-6ac1fc753f96","timestamp":"2022-06-21T15:36:20.162Z"}
{"level":"info","message":"DB :: File :: get :: 41604536-f02d-40f1-8743-6ac1fc753f96","timestamp":"2022-06-21T15:36:24.896Z"}
{"level":"info","message":"DB :: File :: get :: f8ae0f5e-ec51-4e4b-a823-e4014182b4fc","timestamp":"2022-06-21T15:38:46.374Z"}
{"level":"info","message":"DB :: File :: get :: f8ae0f5e-ec51-4e4b-a823-e4014182b4fc","timestamp":"2022-06-21T15:45:00.245Z"}
{"level":"info","message":"DB :: File :: get :: f8ae0f5e-ec51-4e4b-a823-e4014182b4fc","timestamp":"2022-06-21T15:46:32.628Z"}
{"level":"info","message":"DB :: File :: get :: f8ae0f5e-ec51-4e4b-a823-e4014182b4fc","timestamp":"2022-06-21T15:46:34.599Z"}
{"level":"info","message":"DB :: File :: get :: f8ae0f5e-ec51-4e4b-a823-e4014182b4fc","timestamp":"2022-06-21T15:46:35.340Z"}
{"level":"info","message":"DB :: File :: get :: f8ae0f5e-ec51-4e4b-a823-e4014182b4fc","timestamp":"2022-06-21T15:46:35.909Z"}
{"level":"info","message":"DB :: File :: get :: 02022c47-23b1-445f-80f0-9911212cb692","timestamp":"2022-06-21T15:51:25.169Z"}
{"level":"info","message":"DB :: File :: get :: 02223d0c-60cc-40cf-95d1-c18941fa824b","timestamp":"2022-06-21T15:51:33.573Z"}
{"level":"info","message":"DB :: File :: get :: 02223d0c-60cc-40cf-95d1-c18941fa824b","timestamp":"2022-06-21T17:45:48.910Z"}
{"level":"info","message":"DB :: File :: get :: 02223d0c-60cc-40cf-95d1-c18941fa824b","timestamp":"2022-06-21T17:47:24.452Z"}
{"level":"info","message":"DB :: File :: get :: 02223d0c-60cc-40cf-95d1-c18941fa824b","timestamp":"2022-06-21T17:47:25.497Z"}
{"level":"info","message":"DB :: Files :: Add","timestamp":"2022-06-21T17:47:44.443Z"}
{"level":"info","message":"DB :: File :: get :: 0d855c9f-0d95-4fcc-b7d3-54921bce6475","timestamp":"2022-06-21T17:48:47.663Z"}
{"level":"info","message":"DB :: File :: get :: 0d855c9f-0d95-4fcc-b7d3-54921bce6475","timestamp":"2022-06-21T17:51:33.827Z"}
{"level":"info","message":"DB :: File :: get :: 0d855c9f-0d95-4fcc-b7d3-54921bce6475","timestamp":"2022-06-21T17:52:12.208Z"}
{"level":"info","message":"DB :: File :: get :: 0d855c9f-0d95-4fcc-b7d3-54921bce6475","timestamp":"2022-06-21T17:53:07.628Z"}
{"level":"info","message":"DB :: File :: get :: 0d855c9f-0d95-4fcc-b7d3-54921bce6475","timestamp":"2022-06-21T17:55:00.449Z"}
{"level":"info","message":"DB :: File :: get :: 0d855c9f-0d95-4fcc-b7d3-54921bce6475","timestamp":"2022-06-21T18:01:59.364Z"}
{"level":"info","message":"DB :: Files :: Add","timestamp":"2022-06-21T18:02:02.975Z"}
{"level":"info","message":"DB :: File :: get :: a257b2be-658e-48af-b785-e11f002c8b39","timestamp":"2022-06-21T18:02:04.398Z"}
{"level":"info","message":"DB :: File :: get :: a257b2be-658e-48af-b785-e11f002c8b39","timestamp":"2022-06-21T18:02:44.169Z"}
{"level":"info","message":"DB :: File :: get :: a257b2be-658e-48af-b785-e11f002c8b39","timestamp":"2022-06-21T18:03:43.041Z"}
{"level":"info","message":"DB :: File :: get :: a257b2be-658e-48af-b785-e11f002c8b39","timestamp":"2022-06-21T18:05:12.809Z"}
{"level":"info","message":"DB :: File :: get :: a257b2be-658e-48af-b785-e11f002c8b39","timestamp":"2022-06-21T18:05:32.073Z"}
{"level":"info","message":"DB :: Files :: Add","timestamp":"2022-06-21T18:07:17.474Z"}
{"level":"info","message":"DB :: File :: get :: 8cdba76d-81cd-41ea-a999-11abd837c9bc","timestamp":"2022-06-21T18:07:19.048Z"}
{"level":"info","message":"DB :: File :: get :: 8cdba76d-81cd-41ea-a999-11abd837c9bc","timestamp":"2022-06-21T18:18:02.173Z"}
{"level":"info","message":"DB :: File :: get :: 8cdba76d-81cd-41ea-a999-11abd837c9bc","timestamp":"2022-06-21T18:20:31.994Z"}
{"level":"info","message":"DB :: File :: get :: 8cdba76d-81cd-41ea-a999-11abd837c9bc","timestamp":"2022-06-21T18:24:10.749Z"}
{"level":"info","message":"DB :: Files :: Add","timestamp":"2022-06-21T18:25:18.461Z"}
{"level":"info","message":"DB :: File :: get :: 57e0de82-534b-4b16-9da3-8e496e685c0a","timestamp":"2022-06-21T18:25:20.334Z"}
{"level":"info","message":"DB :: File :: get :: 57e0de82-534b-4b16-9da3-8e496e685c0a","timestamp":"2022-06-21T18:25:34.712Z"}
{"level":"info","message":"DB :: File :: get :: 57e0de82-534b-4b16-9da3-8e496e685c0a","timestamp":"2022-06-21T18:28:48.071Z"}
{"level":"info","message":"DB :: File :: get :: 57e0de82-534b-4b16-9da3-8e496e685c0a","timestamp":"2022-06-21T18:34:37.779Z"}
{"level":"info","message":"DB :: Files :: Add","timestamp":"2022-06-21T18:35:58.775Z"}
{"level":"info","message":"DB :: File :: get :: af33ceb5-573b-433d-881c-0a52db90162c","timestamp":"2022-06-21T18:35:59.938Z"}
{"level":"info","message":"DB :: Files :: Add","timestamp":"2022-06-21T18:36:45.394Z"}
{"level":"info","message":"DB :: File :: get :: 8262b90c-16fe-43ba-939b-a4a89c189577","timestamp":"2022-06-21T18:36:46.747Z"}
{"level":"info","message":"DB :: File :: get :: 8262b90c-16fe-43ba-939b-a4a89c189577","timestamp":"2022-06-21T18:41:01.232Z"}
{"level":"info","message":"DB :: File :: get :: 8262b90c-16fe-43ba-939b-a4a89c189577","timestamp":"2022-06-21T18:45:01.804Z"}
{"level":"info","message":"DB :: File :: get :: 8262b90c-16fe-43ba-939b-a4a89c189577","timestamp":"2022-06-21T18:47:13.373Z"}
{"level":"info","message":"DB :: File :: get :: 8262b90c-16fe-43ba-939b-a4a89c189577","timestamp":"2022-06-21T18:47:40.575Z"}
{"level":"info","message":"DB :: File :: get :: 8262b90c-16fe-43ba-939b-a4a89c189577","timestamp":"2022-06-21T18:54:17.314Z"}
{"level":"info","message":"DB :: File :: get :: 8262b90c-16fe-43ba-939b-a4a89c189577","timestamp":"2022-06-21T18:54:19.867Z"}
{"level":"info","message":"DB :: File :: get :: 8262b90c-16fe-43ba-939b-a4a89c189577","timestamp":"2022-06-21T18:54:53.001Z"}
{"level":"info","message":"DB :: File :: get :: 8262b90c-16fe-43ba-939b-a4a89c189577","timestamp":"2022-06-21T18:54:57.517Z"}
{"level":"info","message":"DB :: File :: get :: 8262b90c-16fe-43ba-939b-a4a89c189577","timestamp":"2022-06-21T18:59:28.942Z"}
{"level":"info","message":"DB :: File :: get :: 8262b90c-16fe-43ba-939b-a4a89c189577","timestamp":"2022-06-21T19:00:37.155Z"}
{"level":"info","message":"DB :: File :: get :: 57e0de82-534b-4b16-9da3-8e496e685c0a","timestamp":"2022-06-21T19:00:55.530Z"}
{"level":"info","message":"DB :: Files :: Add","timestamp":"2022-06-21T19:02:16.583Z"}
{"level":"info","message":"DB :: File :: get :: dfd8dc64-141d-48e6-a5f0-9abdc429e303","timestamp":"2022-06-21T19:02:18.578Z"}
{"level":"info","message":"DB :: File :: get :: dfd8dc64-141d-48e6-a5f0-9abdc429e303","timestamp":"2022-06-21T19:02:35.223Z"}
{"level":"info","message":"DB :: File :: get :: dfd8dc64-141d-48e6-a5f0-9abdc429e303","timestamp":"2022-06-21T19:02:51.465Z"}
{"level":"info","message":"DB :: File :: get :: 57e0de82-534b-4b16-9da3-8e496e685c0a","timestamp":"2022-06-21T19:04:16.112Z"}
{"level":"info","message":"DB :: File :: get :: Schedule.xlsx","timestamp":"2022-06-21T19:04:26.346Z"}
{"level":"info","message":"DB :: File :: get :: Schedule.xlsx","timestamp":"2022-06-21T19:04:27.365Z"}
{"level":"info","message":"DB :: File :: get :: Schedule.xlsx","timestamp":"2022-06-21T19:04:32.311Z"}
{"level":"info","message":"DB :: File :: get :: 8262b90c-16fe-43ba-939b-a4a89c189577","timestamp":"2022-06-21T19:04:34.752Z"}
{"level":"info","message":"DB :: File :: get :: 8262b90c-16fe-43ba-939b-a4a89c189577","timestamp":"2022-06-21T19:06:59.351Z"}
{"level":"info","message":"DB :: File :: get :: 8262b90c-16fe-43ba-939b-a4a89c189577","timestamp":"2022-06-21T19:07:14.100Z"}
{"level":"info","message":"DB :: File :: get :: 8262b90c-16fe-43ba-939b-a4a89c189577","timestamp":"2022-06-21T19:10:14.355Z"}
{"level":"info","message":"DB :: File :: get :: 8262b90c-16fe-43ba-939b-a4a89c189577","timestamp":"2022-06-21T19:10:25.603Z"}
{"level":"info","message":"DB :: File :: get :: 57e0de82-534b-4b16-9da3-8e496e685c0a","timestamp":"2022-06-21T19:10:53.882Z"}
{"level":"info","message":"DB :: Files :: Add","timestamp":"2022-06-21T19:11:38.096Z"}
{"level":"info","message":"DB :: File :: get :: 4c1d4bbd-fea4-4cd5-8967-61b273cf74cc","timestamp":"2022-06-21T19:11:39.340Z"}
{"level":"info","message":"DB :: File :: get :: 4c1d4bbd-fea4-4cd5-8967-61b273cf74cc","timestamp":"2022-06-21T19:12:55.856Z"}
{"level":"info","message":"DB :: File :: get :: 4c1d4bbd-fea4-4cd5-8967-61b273cf74cc","timestamp":"2022-06-21T19:13:01.456Z"}
{"level":"info","message":"DB :: File :: get :: af33ceb5-573b-433d-881c-0a52db90162c","timestamp":"2022-06-21T19:38:35.778Z"}
{"level":"info","message":"DB :: File :: get :: 8262b90c-16fe-43ba-939b-a4a89c189577","timestamp":"2022-06-21T19:39:30.590Z"}
{"level":"info","message":"DB :: File :: get :: 8262b90c-16fe-43ba-939b-a4a89c189577","timestamp":"2022-06-21T19:40:20.456Z"}
{"level":"info","message":"DB :: File :: get :: 8262b90c-16fe-43ba-939b-a4a89c189577","timestamp":"2022-06-21T19:40:25.202Z"}
{"level":"info","message":"DB :: File :: get :: 8262b90c-16fe-43ba-939b-a4a89c189577","timestamp":"2022-06-21T19:40:33.787Z"}
{"level":"info","message":"DB :: Files :: Add","timestamp":"2022-06-22T06:10:49.605Z"}
{"level":"info","message":"DB :: File :: get :: ceebeef8-ae91-4143-b71a-9d19c944a8cc","timestamp":"2022-06-22T06:10:51.255Z"}
{"level":"info","message":"DB :: File :: get :: 8262b90c-16fe-43ba-939b-a4a89c189577","timestamp":"2022-06-22T06:12:12.848Z"}
{"level":"info","message":"DB :: File :: get :: ceebeef8-ae91-4143-b71a-9d19c944a8cc","timestamp":"2022-06-22T06:12:40.116Z"}
{"level":"info","message":"DB :: File :: get :: ceebeef8-ae91-4143-b71a-9d19c944a8cc","timestamp":"2022-06-22T06:16:22.922Z"}
{"level":"info","message":"DB :: File :: get :: ceebeef8-ae91-4143-b71a-9d19c944a8cc","timestamp":"2022-06-22T06:16:45.285Z"}
{"level":"info","message":"DB :: File :: get :: dfd8dc64-141d-48e6-a5f0-9abdc429e303","timestamp":"2022-06-22T06:23:51.703Z"}
{"level":"info","message":"DB :: File :: get :: dfd8dc64-141d-48e6-a5f0-9abdc429e303","timestamp":"2022-06-22T06:25:24.486Z"}
{"level":"info","message":"DB :: File :: get :: af33ceb5-573b-433d-881c-0a52db90162c","timestamp":"2022-06-22T06:27:29.328Z"}
{"level":"info","message":"DB :: File :: get :: dfd8dc64-141d-48e6-a5f0-9abdc429e303","timestamp":"2022-06-22T06:30:12.014Z"}
{"level":"info","message":"DB :: File :: get :: dfd8dc64-141d-48e6-a5f0-9abdc429e303","timestamp":"2022-06-22T06:30:42.301Z"}
{"level":"info","message":"DB :: File :: get :: 4c1d4bbd-fea4-4cd5-8967-61b273cf74cc","timestamp":"2022-06-22T06:31:03.003Z"}
{"level":"info","message":"DB :: File :: get :: 8262b90c-16fe-43ba-939b-a4a89c189577","timestamp":"2022-06-22T06:31:48.226Z"}
{"level":"info","message":"DB :: File :: get :: dfd8dc64-141d-48e6-a5f0-9abdc429e303","timestamp":"2022-06-22T11:21:55.404Z"}
{"level":"info","message":"DB :: File :: get :: dfd8dc64-141d-48e6-a5f0-9abdc429e303","timestamp":"2022-06-22T11:26:20.610Z"}
{"level":"info","message":"DB :: File :: get :: dfd8dc64-141d-48e6-a5f0-9abdc429e303","timestamp":"2022-06-22T11:26:34.482Z"}
{"level":"info","message":"DB :: File :: get :: dfd8dc64-141d-48e6-a5f0-9abdc429e303","timestamp":"2022-06-22T11:27:48.579Z"}
{"level":"info","message":"DB :: File :: get :: dfd8dc64-141d-48e6-a5f0-9abdc429e303","timestamp":"2022-06-22T11:28:03.895Z"}
{"level":"info","message":"DB :: File :: get :: dfd8dc64-141d-48e6-a5f0-9abdc429e303","timestamp":"2022-06-22T11:29:52.208Z"}
{"level":"info","message":"DB :: File :: get :: dfd8dc64-141d-48e6-a5f0-9abdc429e303","timestamp":"2022-06-22T11:29:58.934Z"}
{"level":"info","message":"DB :: File :: get :: 8262b90c-16fe-43ba-939b-a4a89c189577","timestamp":"2022-06-22T11:30:09.986Z"}
{"level":"info","message":"DB :: File :: get :: dfd8dc64-141d-48e6-a5f0-9abdc429e303","timestamp":"2022-06-22T11:30:36.653Z"}
{"level":"info","message":"DB :: File :: get :: 8262b90c-16fe-43ba-939b-a4a89c189577","timestamp":"2022-06-22T11:44:33.995Z"}
{"level":"info","message":"DB :: File :: get :: dfd8dc64-141d-48e6-a5f0-9abdc429e303","timestamp":"2022-06-22T11:50:39.123Z"}
{"level":"info","message":"DB :: File :: get :: dfd8dc64-141d-48e6-a5f0-9abdc429e303","timestamp":"2022-06-22T12:42:21.919Z"}
{"level":"info","message":"DB :: File :: get :: dfd8dc64-141d-48e6-a5f0-9abdc429e303","timestamp":"2022-06-22T12:43:57.853Z"}
{"level":"info","message":"DB :: File :: get :: dfd8dc64-141d-48e6-a5f0-9abdc429e303","timestamp":"2022-06-22T12:46:12.187Z"}
{"level":"info","message":"DB :: File :: get :: dfd8dc64-141d-48e6-a5f0-9abdc429e303","timestamp":"2022-06-22T12:50:39.055Z"}
{"level":"info","message":"DB :: File :: get :: dfd8dc64-141d-48e6-a5f0-9abdc429e303","timestamp":"2022-06-22T12:58:39.586Z"}
{"level":"info","message":"DB :: File :: get :: dfd8dc64-141d-48e6-a5f0-9abdc429e303","timestamp":"2022-06-22T12:58:58.692Z"}
{"level":"info","message":"DB :: File :: get :: dfd8dc64-141d-48e6-a5f0-9abdc429e303","timestamp":"2022-06-22T12:59:20.447Z"}
{"level":"info","message":"DB :: File :: get :: dfd8dc64-141d-48e6-a5f0-9abdc429e303","timestamp":"2022-06-22T12:59:33.966Z"}
{"level":"info","message":"DB :: File :: get :: dfd8dc64-141d-48e6-a5f0-9abdc429e303","timestamp":"2022-06-22T13:00:17.061Z"}
{"level":"info","message":"DB :: File :: get :: dfd8dc64-141d-48e6-a5f0-9abdc429e303","timestamp":"2022-06-22T13:02:05.455Z"}
{"level":"info","message":"DB :: File :: get :: dfd8dc64-141d-48e6-a5f0-9abdc429e303","timestamp":"2022-06-22T13:08:57.939Z"}
{"level":"info","message":"DB :: Files :: Add","timestamp":"2022-06-22T13:11:46.948Z"}
{"level":"info","message":"DB :: File :: get :: ca17b219-4dab-49fd-adb0-922b195cfec3","timestamp":"2022-06-22T13:11:51.852Z"}
{"level":"info","message":"DB :: File :: get :: ca17b219-4dab-49fd-adb0-922b195cfec3","timestamp":"2022-06-22T13:15:12.205Z"}
{"level":"info","message":"DB :: File :: get :: ca17b219-4dab-49fd-adb0-922b195cfec3","timestamp":"2022-06-22T13:23:35.586Z"}
{"level":"info","message":"DB :: File :: get :: 8262b90c-16fe-43ba-939b-a4a89c189577","timestamp":"2022-06-22T13:25:04.104Z"}
{"level":"info","message":"DB :: File :: get :: dfd8dc64-141d-48e6-a5f0-9abdc429e303","timestamp":"2022-06-22T13:25:31.163Z"}
{"level":"info","message":"DB :: File :: get :: dfd8dc64-141d-48e6-a5f0-9abdc429e303","timestamp":"2022-06-22T18:10:50.236Z"}
{"level":"info","message":"DB :: File :: get :: dfd8dc64-141d-48e6-a5f0-9abdc429e303","timestamp":"2022-06-22T18:14:45.167Z"}
{"level":"info","message":"DB :: File :: get :: dfd8dc64-141d-48e6-a5f0-9abdc429e303","timestamp":"2022-06-22T18:14:52.910Z"}
{"level":"info","message":"DB :: File :: get :: dfd8dc64-141d-48e6-a5f0-9abdc429e303","timestamp":"2022-06-22T18:16:43.875Z"}
{"level":"info","message":"DB :: File :: get :: dfd8dc64-141d-48e6-a5f0-9abdc429e303","timestamp":"2022-06-22T18:19:50.710Z"}
{"level":"info","message":"DB :: File :: get :: dfd8dc64-141d-48e6-a5f0-9abdc429e303","timestamp":"2022-06-22T18:20:08.007Z"}
{"level":"info","message":"DB :: File :: get :: dfd8dc64-141d-48e6-a5f0-9abdc429e303","timestamp":"2022-06-22T18:20:46.001Z"}
{"level":"info","message":"DB :: File :: get :: dfd8dc64-141d-48e6-a5f0-9abdc429e303","timestamp":"2022-06-22T18:20:59.535Z"}
{"level":"info","message":"DB :: File :: get :: dfd8dc64-141d-48e6-a5f0-9abdc429e303","timestamp":"2022-06-22T18:21:11.976Z"}
{"level":"info","message":"DB :: File :: get :: dfd8dc64-141d-48e6-a5f0-9abdc429e303","timestamp":"2022-06-22T18:22:44.030Z"}
{"level":"info","message":"DB :: File :: get :: dfd8dc64-141d-48e6-a5f0-9abdc429e303","timestamp":"2022-06-22T18:23:03.256Z"}
{"level":"info","message":"DB :: File :: get :: dfd8dc64-141d-48e6-a5f0-9abdc429e303","timestamp":"2022-06-22T18:23:32.688Z"}
{"level":"info","message":"DB :: File :: get :: dfd8dc64-141d-48e6-a5f0-9abdc429e303","timestamp":"2022-06-22T18:23:33.329Z"}
{"level":"info","message":"DB :: File :: get :: dfd8dc64-141d-48e6-a5f0-9abdc429e303","timestamp":"2022-06-22T18:23:57.999Z"}
{"level":"info","message":"DB :: File :: get :: dfd8dc64-141d-48e6-a5f0-9abdc429e303","timestamp":"2022-06-22T18:24:02.164Z"}
{"level":"info","message":"DB :: File :: get :: dfd8dc64-141d-48e6-a5f0-9abdc429e303","timestamp":"2022-06-22T18:24:44.300Z"}
{"level":"info","message":"DB :: File :: get :: dfd8dc64-141d-48e6-a5f0-9abdc429e303","timestamp":"2022-06-22T18:26:49.512Z"}
{"level":"info","message":"DB :: File :: get :: dfd8dc64-141d-48e6-a5f0-9abdc429e303","timestamp":"2022-06-22T18:26:56.139Z"}
{"level":"info","message":"DB :: File :: get :: dfd8dc64-141d-48e6-a5f0-9abdc429e303","timestamp":"2022-06-22T18:27:00.958Z"}
{"level":"info","message":"DB :: File :: get :: dfd8dc64-141d-48e6-a5f0-9abdc429e303","timestamp":"2022-06-22T18:27:03.022Z"}
{"level":"info","message":"DB :: File :: get :: dfd8dc64-141d-48e6-a5f0-9abdc429e303","timestamp":"2022-06-22T18:27:22.230Z"}
{"level":"info","message":"DB :: File :: get :: dfd8dc64-141d-48e6-a5f0-9abdc429e303","timestamp":"2022-06-22T18:27:31.450Z"}
{"level":"info","message":"DB :: File :: get :: dfd8dc64-141d-48e6-a5f0-9abdc429e303","timestamp":"2022-06-22T18:27:55.522Z"}
{"level":"info","message":"DB :: File :: get :: 8262b90c-16fe-43ba-939b-a4a89c189577","timestamp":"2022-06-22T18:28:10.883Z"}
{"level":"info","message":"DB :: File :: get :: 8262b90c-16fe-43ba-939b-a4a89c189577","timestamp":"2022-06-22T18:28:16.278Z"}
{"level":"info","message":"DB :: File :: get :: 8262b90c-16fe-43ba-939b-a4a89c189577","timestamp":"2022-06-22T18:28:31.105Z"}
{"level":"info","message":"DB :: File :: get :: 8262b90c-16fe-43ba-939b-a4a89c189577","timestamp":"2022-06-22T18:28:41.254Z"}
{"level":"info","message":"DB :: File :: get :: 8262b90c-16fe-43ba-939b-a4a89c189577","timestamp":"2022-06-22T18:28:48.026Z"}
{"level":"info","message":"DB :: File :: get :: 8262b90c-16fe-43ba-939b-a4a89c189577","timestamp":"2022-06-22T18:28:50.782Z"}
{"level":"info","message":"DB :: File :: get :: dfd8dc64-141d-48e6-a5f0-9abdc429e303","timestamp":"2022-06-22T18:28:54.321Z"}
{"level":"info","message":"DB :: File :: get :: dfd8dc64-141d-48e6-a5f0-9abdc429e303","timestamp":"2022-06-22T18:28:54.460Z"}
{"level":"info","message":"DB :: File :: get :: dfd8dc64-141d-48e6-a5f0-9abdc429e303","timestamp":"2022-06-22T18:28:54.501Z"}
{"level":"info","message":"DB :: File :: get :: dfd8dc64-141d-48e6-a5f0-9abdc429e303","timestamp":"2022-06-22T18:29:02.468Z"}
{"level":"info","message":"DB :: File :: get :: dfd8dc64-141d-48e6-a5f0-9abdc429e303","timestamp":"2022-06-22T18:29:11.275Z"}
{"level":"info","message":"DB :: File :: get :: dfd8dc64-141d-48e6-a5f0-9abdc429e303","timestamp":"2022-06-22T18:29:41.357Z"}
{"level":"info","message":"DB :: File :: get :: dfd8dc64-141d-48e6-a5f0-9abdc429e303","timestamp":"2022-06-22T18:32:02.005Z"}
{"level":"info","message":"DB :: File :: get :: dfd8dc64-141d-48e6-a5f0-9abdc429e303","timestamp":"2022-06-22T18:32:29.331Z"}
{"level":"info","message":"DB :: File :: get :: dfd8dc64-141d-48e6-a5f0-9abdc429e303","timestamp":"2022-06-22T18:32:57.813Z"}
{"level":"info","message":"DB :: File :: get :: dfd8dc64-141d-48e6-a5f0-9abdc429e303","timestamp":"2022-06-22T18:33:09.703Z"}
{"level":"info","message":"DB :: File :: get :: dfd8dc64-141d-48e6-a5f0-9abdc429e303","timestamp":"2022-06-22T18:33:27.102Z"}
{"level":"info","message":"DB :: File :: get :: dfd8dc64-141d-48e6-a5f0-9abdc429e303","timestamp":"2022-06-22T18:33:29.325Z"}
{"level":"info","message":"DB :: File :: get :: dfd8dc64-141d-48e6-a5f0-9abdc429e303","timestamp":"2022-06-22T18:33:32.072Z"}
{"level":"info","message":"DB :: File :: get :: dfd8dc64-141d-48e6-a5f0-9abdc429e303","timestamp":"2022-06-22T18:33:49.288Z"}
{"level":"info","message":"DB :: File :: get :: dfd8dc64-141d-48e6-a5f0-9abdc429e303","timestamp":"2022-06-22T18:34:11.866Z"}
{"level":"info","message":"DB :: File :: get :: dfd8dc64-141d-48e6-a5f0-9abdc429e303","timestamp":"2022-06-22T18:34:32.487Z"}
{"level":"info","message":"DB :: File :: get :: dfd8dc64-141d-48e6-a5f0-9abdc429e303","timestamp":"2022-06-22T18:34:35.346Z"}
{"level":"info","message":"DB :: File :: get :: dfd8dc64-141d-48e6-a5f0-9abdc429e303","timestamp":"2022-06-22T18:35:24.936Z"}
{"level":"info","message":"DB :: File :: get :: 8262b90c-16fe-43ba-939b-a4a89c189577","timestamp":"2022-06-22T18:38:38.608Z"}
{"level":"info","message":"DB :: File :: get :: 57e0de82-534b-4b16-9da3-8e496e685c0a","timestamp":"2022-06-22T18:38:52.698Z"}
{"level":"info","message":"DB :: File :: get :: 57e0de82-534b-4b16-9da3-8e496e685c0a","timestamp":"2022-06-22T18:39:46.163Z"}
{"level":"info","message":"DB :: File :: get :: 57e0de82-534b-4b16-9da3-8e496e685c0a","timestamp":"2022-06-22T18:40:01.135Z"}
{"level":"info","message":"DB :: File :: get :: 57e0de82-534b-4b16-9da3-8e496e685c0a","timestamp":"2022-06-22T18:56:37.322Z"}
{"level":"info","message":"DB :: File :: get :: 57e0de82-534b-4b16-9da3-8e496e685c0a","timestamp":"2022-06-22T18:56:38.347Z"}
{"level":"info","message":"DB :: File :: get :: 57e0de82-534b-4b16-9da3-8e496e685c0a","timestamp":"2022-06-22T18:56:40.358Z"}
{"level":"info","message":"DB :: File :: get :: 57e0de82-534b-4b16-9da3-8e496e685c0a","timestamp":"2022-06-22T18:56:44.368Z"}
{"level":"info","message":"DB :: File :: get :: 57e0de82-534b-4b16-9da3-8e496e685c0a","timestamp":"2022-06-22T18:58:03.083Z"}
{"level":"info","message":"DB :: File :: get :: 57e0de82-534b-4b16-9da3-8e496e685c0a","timestamp":"2022-06-22T18:58:04.096Z"}
{"level":"info","message":"DB :: File :: get :: 57e0de82-534b-4b16-9da3-8e496e685c0a","timestamp":"2022-06-22T18:58:06.109Z"}
{"level":"info","message":"DB :: File :: get :: 57e0de82-534b-4b16-9da3-8e496e685c0a","timestamp":"2022-06-22T18:58:10.120Z"}
{"level":"info","message":"DB :: File :: get :: 57e0de82-534b-4b16-9da3-8e496e685c0a","timestamp":"2022-06-22T18:58:16.764Z"}
{"level":"info","message":"DB :: File :: get :: 57e0de82-534b-4b16-9da3-8e496e685c0a","timestamp":"2022-06-22T18:58:18.775Z"}
{"level":"info","message":"DB :: File :: get :: 57e0de82-534b-4b16-9da3-8e496e685c0a","timestamp":"2022-06-22T18:58:56.466Z"}
{"level":"info","message":"DB :: File :: get :: 57e0de82-534b-4b16-9da3-8e496e685c0a","timestamp":"2022-06-22T18:59:16.198Z"}
{"level":"info","message":"DB :: File :: get :: 57e0de82-534b-4b16-9da3-8e496e685c0a","timestamp":"2022-06-22T18:59:32.820Z"}
{"level":"info","message":"DB :: File :: get :: 57e0de82-534b-4b16-9da3-8e496e685c0a","timestamp":"2022-06-22T18:59:34.854Z"}
{"level":"info","message":"DB :: File :: get :: 57e0de82-534b-4b16-9da3-8e496e685c0a","timestamp":"2022-06-22T18:59:38.863Z"}
{"level":"info","message":"DB :: File :: get :: 57e0de82-534b-4b16-9da3-8e496e685c0a","timestamp":"2022-06-22T19:00:05.325Z"}
{"level":"info","message":"DB :: File :: get :: 57e0de82-534b-4b16-9da3-8e496e685c0a","timestamp":"2022-06-22T19:00:06.341Z"}
{"level":"info","message":"DB :: File :: get :: 57e0de82-534b-4b16-9da3-8e496e685c0a","timestamp":"2022-06-22T19:00:08.354Z"}
{"level":"info","message":"DB :: File :: get :: 57e0de82-534b-4b16-9da3-8e496e685c0a","timestamp":"2022-06-22T19:00:12.362Z"}
{"level":"info","message":"DB :: Files :: Add","timestamp":"2022-06-22T19:01:11.006Z"}
{"level":"info","message":"DB :: File :: get :: 8767c9ba-0619-491f-9412-a0424e8f6944","timestamp":"2022-06-22T19:01:12.987Z"}
{"level":"info","message":"DB :: File :: get :: 8767c9ba-0619-491f-9412-a0424e8f6944","timestamp":"2022-06-22T19:05:04.183Z"}
{"level":"info","message":"DB :: File :: get :: 8767c9ba-0619-491f-9412-a0424e8f6944","timestamp":"2022-06-22T19:05:07.910Z"}
{"level":"info","message":"DB :: File :: get :: 8767c9ba-0619-491f-9412-a0424e8f6944","timestamp":"2022-06-22T19:06:53.254Z"}
{"level":"info","message":"DB :: File :: get :: 8767c9ba-0619-491f-9412-a0424e8f6944","timestamp":"2022-06-22T19:07:23.077Z"}
{"level":"info","message":"DB :: File :: get :: 8767c9ba-0619-491f-9412-a0424e8f6944","timestamp":"2022-06-22T19:07:25.899Z"}
{"level":"info","message":"DB :: File :: get :: 8767c9ba-0619-491f-9412-a0424e8f6944","timestamp":"2022-06-22T19:07:27.888Z"}
{"level":"info","message":"DB :: File :: get :: 8767c9ba-0619-491f-9412-a0424e8f6944","timestamp":"2022-06-22T19:07:29.478Z"}
{"level":"info","message":"DB :: File :: get :: 8767c9ba-0619-491f-9412-a0424e8f6944","timestamp":"2022-06-22T19:07:48.242Z"}
{"level":"info","message":"DB :: File :: get :: 8767c9ba-0619-491f-9412-a0424e8f6944","timestamp":"2022-06-22T19:08:16.936Z"}
{"level":"info","message":"DB :: File :: get :: 8767c9ba-0619-491f-9412-a0424e8f6944","timestamp":"2022-06-22T19:08:21.257Z"}
{"level":"info","message":"DB :: File :: get :: 8767c9ba-0619-491f-9412-a0424e8f6944","timestamp":"2022-06-22T19:08:38.821Z"}
{"level":"info","message":"DB :: File :: get :: 8767c9ba-0619-491f-9412-a0424e8f6944","timestamp":"2022-06-22T19:15:54.688Z"}
{"level":"info","message":"DB :: File :: get :: 8767c9ba-0619-491f-9412-a0424e8f6944","timestamp":"2022-06-22T19:17:56.138Z"}
{"level":"info","message":"DB :: File :: get :: 8767c9ba-0619-491f-9412-a0424e8f6944","timestamp":"2022-06-22T19:18:20.272Z"}
{"level":"info","message":"DB :: File :: get :: 8767c9ba-0619-491f-9412-a0424e8f6944","timestamp":"2022-06-22T19:18:55.098Z"}
{"level":"info","message":"DB :: File :: get :: 8767c9ba-0619-491f-9412-a0424e8f6944","timestamp":"2022-06-22T19:18:59.214Z"}
{"level":"info","message":"DB :: File :: get :: 8767c9ba-0619-491f-9412-a0424e8f6944","timestamp":"2022-06-22T19:19:23.472Z"}
{"level":"info","message":"DB :: File :: get :: 8767c9ba-0619-491f-9412-a0424e8f6944","timestamp":"2022-06-22T19:19:51.483Z"}
{"level":"info","message":"DB :: File :: get :: 8767c9ba-0619-491f-9412-a0424e8f6944","timestamp":"2022-06-22T19:21:36.886Z"}
{"level":"info","message":"DB :: File :: get :: 8767c9ba-0619-491f-9412-a0424e8f6944","timestamp":"2022-06-22T19:21:47.337Z"}
{"level":"info","message":"DB :: File :: get :: 8767c9ba-0619-491f-9412-a0424e8f6944","timestamp":"2022-06-22T19:21:52.732Z"}
{"level":"info","message":"DB :: Files :: Add","timestamp":"2022-06-22T19:23:17.937Z"}
{"level":"info","message":"DB :: File :: get :: 962b3025-8277-4940-bda4-8db2d7aa4239","timestamp":"2022-06-22T19:23:19.233Z"}
{"level":"info","message":"DB :: File :: get :: 962b3025-8277-4940-bda4-8db2d7aa4239","timestamp":"2022-06-22T19:25:02.013Z"}
{"level":"info","message":"DB :: File :: get :: 962b3025-8277-4940-bda4-8db2d7aa4239","timestamp":"2022-06-22T19:25:48.075Z"}
{"level":"info","message":"DB :: File :: get :: 962b3025-8277-4940-bda4-8db2d7aa4239","timestamp":"2022-06-22T19:26:12.724Z"}
{"level":"info","message":"DB :: File :: get :: 962b3025-8277-4940-bda4-8db2d7aa4239","timestamp":"2022-06-22T19:27:11.262Z"}
{"level":"info","message":"DB :: File :: get :: 962b3025-8277-4940-bda4-8db2d7aa4239","timestamp":"2022-06-22T19:27:23.056Z"}
{"level":"info","message":"DB :: File :: get :: 962b3025-8277-4940-bda4-8db2d7aa4239","timestamp":"2022-06-22T19:27:38.626Z"}
{"level":"info","message":"DB :: File :: get :: 962b3025-8277-4940-bda4-8db2d7aa4239","timestamp":"2022-06-22T19:27:42.830Z"}
{"level":"info","message":"DB :: File :: get :: 962b3025-8277-4940-bda4-8db2d7aa4239","timestamp":"2022-06-22T19:28:05.399Z"}
{"level":"info","message":"DB :: File :: get :: 962b3025-8277-4940-bda4-8db2d7aa4239","timestamp":"2022-06-22T19:28:15.899Z"}
{"level":"info","message":"DB :: File :: get :: 962b3025-8277-4940-bda4-8db2d7aa4239","timestamp":"2022-06-22T19:28:22.907Z"}
{"level":"info","message":"DB :: File :: get :: 962b3025-8277-4940-bda4-8db2d7aa4239","timestamp":"2022-06-22T19:28:27.611Z"}
{"level":"info","message":"DB :: Files :: Add","timestamp":"2022-06-23T05:15:09.145Z"}
{"level":"info","message":"DB :: File :: get :: 47cc016d-3507-4cd8-8bfe-d4af0bf349ae","timestamp":"2022-06-23T05:15:11.176Z"}
{"level":"info","message":"DB :: File :: get :: 47cc016d-3507-4cd8-8bfe-d4af0bf349ae","timestamp":"2022-06-23T10:35:23.485Z"}
{"level":"info","message":"DB :: File :: get :: 47cc016d-3507-4cd8-8bfe-d4af0bf349ae","timestamp":"2022-06-23T10:57:01.324Z"}
{"level":"info","message":"DB :: File :: get :: 47cc016d-3507-4cd8-8bfe-d4af0bf349ae","timestamp":"2022-06-23T11:00:41.669Z"}
{"level":"info","message":"DB :: File :: get :: 47cc016d-3507-4cd8-8bfe-d4af0bf349ae","timestamp":"2022-06-23T11:00:49.354Z"}
{"level":"info","message":"DB :: Files :: Add","timestamp":"2022-06-23T11:04:26.530Z"}
{"level":"info","message":"DB :: File :: get :: eb11d661-7c2b-44ef-9bb2-be23f48c0fab","timestamp":"2022-06-23T11:04:37.378Z"}
{"level":"info","message":"DB :: File :: get :: eb11d661-7c2b-44ef-9bb2-be23f48c0fab","timestamp":"2022-06-23T11:04:47.113Z"}
{"level":"info","message":"DB :: File :: get :: eb11d661-7c2b-44ef-9bb2-be23f48c0fab","timestamp":"2022-06-23T11:05:09.596Z"}
{"level":"info","message":"DB :: File :: get :: eb11d661-7c2b-44ef-9bb2-be23f48c0fab","timestamp":"2022-06-23T11:05:21.044Z"}
{"level":"info","message":"DB :: Files :: Add","timestamp":"2022-06-23T12:38:06.001Z"}
{"level":"info","message":"DB :: File :: get :: fa715bce-2b43-4ef2-af68-42d35f7a0d67","timestamp":"2022-06-23T12:38:08.245Z"}
{"level":"info","message":"DB :: File :: get :: 8767c9ba-0619-491f-9412-a0424e8f6944","timestamp":"2022-06-24T05:12:18.488Z"}
{"level":"info","message":"DB :: File :: get :: 8767c9ba-0619-491f-9412-a0424e8f6944","timestamp":"2022-06-24T06:41:04.325Z"}
{"level":"info","message":"DB :: File :: get :: 8767c9ba-0619-491f-9412-a0424e8f6944","timestamp":"2022-06-24T08:55:18.956Z"}
{"level":"info","message":"DB :: File :: get :: 8767c9ba-0619-491f-9412-a0424e8f6946","timestamp":"2022-06-24T08:57:50.996Z"}
{"level":"info","message":"DB :: File :: get :: 8767c9ba-0619-491f-9412-a0424e8f6946","timestamp":"2022-06-24T08:57:52.063Z"}
{"level":"info","message":"DB :: File :: get :: 8767c9ba-0619-491f-9412-a0424e8f6946","timestamp":"2022-06-24T08:57:54.074Z"}
{"level":"info","message":"DB :: File :: get :: 8767c9ba-0619-491f-9412-a0424e8f6946","timestamp":"2022-06-24T08:57:58.086Z"}
{"level":"info","message":"DB :: File :: get :: 8767c9ba-0619-491f-9412-a0424e8f6944","timestamp":"2022-06-24T08:58:24.620Z"}
{"level":"info","message":"DB :: File :: get :: 8767c9ba-0619-491f-9412-a0424e8f6944","timestamp":"2022-06-24T09:00:36.664Z"}
{"level":"info","message":"DB :: Files :: Add","timestamp":"2022-06-24T09:00:47.977Z"}
{"level":"info","message":"DB :: File :: get :: e1de282c-8f2b-4c0c-aeda-2173acf8a3e9","timestamp":"2022-06-24T09:00:49.432Z"}
{"level":"info","message":"DB :: File :: get :: e1de282c-8f2b-4c0c-aeda-2173acf8a3e9","timestamp":"2022-06-24T09:15:33.734Z"}
{"level":"info","message":"DB :: File :: get :: e1de282c-8f2b-4c0c-aeda-2173acf8a3e9","timestamp":"2022-06-24T09:32:26.839Z"}
{"level":"info","message":"DB :: File :: get :: e1de282c-8f2b-4c0c-aeda-2173acf8a3e9","timestamp":"2022-06-24T09:33:16.814Z"}
{"level":"info","message":"DB :: File :: get :: e1de282c-8f2b-4c0c-aeda-2173acf8a3e9","timestamp":"2022-06-24T09:33:23.811Z"}
{"level":"info","message":"DB :: Request :: Add","timestamp":"2022-06-24T09:41:43.551Z"}
{"level":"info","message":"DB :: File :: get :: e1de282c-8f2b-4c0c-aeda-2173acf8a3e9","timestamp":"2022-06-24T11:32:36.256Z"}
{"level":"info","message":"DB :: File :: get :: e1de282c-8f2b-4c0c-aeda-2173acf8a3e9","timestamp":"2022-06-24T11:33:08.384Z"}
{"level":"info","message":"DB :: File :: get :: e1de282c-8f2b-4c0c-aeda-2173acf8a3e9","timestamp":"2022-06-24T11:33:17.545Z"}
{"level":"info","message":"DB :: File :: get :: e1de282c-8f2b-4c0c-aeda-2173acf8a3e9","timestamp":"2022-06-24T11:33:18.598Z"}
{"level":"info","message":"DB :: Files :: Add","timestamp":"2022-06-24T11:33:28.026Z"}
{"level":"info","message":"DB :: File :: get :: 5fd46d90-83d3-4a73-974b-d7f13cefe3fa","timestamp":"2022-06-24T11:33:28.979Z"}
{"level":"info","message":"DB :: File :: get :: 5fd46d90-83d3-4a73-974b-d7f13cefe3fa","timestamp":"2022-06-24T11:33:33.988Z"}
{"level":"info","message":"DB :: Request :: Add","timestamp":"2022-06-24T11:33:33.992Z"}
{"level":"info","message":"DB :: File :: get :: 5fd46d90-83d3-4a73-974b-d7f13cefe3fa","timestamp":"2022-06-24T11:33:56.448Z"}
{"level":"info","message":"DB :: File :: get :: 5fd46d90-83d3-4a73-974b-d7f13cefe3fa","timestamp":"2022-06-24T12:37:40.448Z"}
{"level":"info","message":"DB :: File :: get :: 5fd46d90-83d3-4a73-974b-d7f13cefe3fa","timestamp":"2022-06-24T12:43:24.872Z"}
{"level":"info","message":"DB :: File :: get :: 5fd46d90-83d3-4a73-974b-d7f13cefe3fa","timestamp":"2022-06-24T12:43:27.464Z"}
{"level":"info","message":"DB :: File :: get :: undefined","timestamp":"2022-06-24T17:09:47.683Z"}
{"level":"info","message":"DB :: File :: get :: undefined","timestamp":"2022-06-24T17:10:18.333Z"}
{"level":"info","message":"DB :: File :: get :: 5fd46d90-83d3-4a73-974b-d7f13cefe3fa","timestamp":"2022-06-25T05:22:50.945Z"}
{"level":"info","message":"DB :: Request :: Add","timestamp":"2022-06-25T05:22:50.960Z"}
{"level":"info","message":"DB :: File :: get :: 5fd46d90-83d3-4a73-974b-d7f13cefe3fa","timestamp":"2022-06-25T05:25:53.897Z"}
{"level":"info","message":"DB :: File :: get :: 5fd46d90-83d3-4a73-974b-d7f13cefe3fa","timestamp":"2022-06-25T05:26:06.638Z"}
{"level":"info","message":"DB :: Files :: Add","timestamp":"2022-06-25T05:27:26.063Z"}
{"level":"info","message":"DB :: File :: get :: f9cd8182-129f-4a18-96d4-5f7ce4815de0","timestamp":"2022-06-25T05:27:27.425Z"}
{"level":"info","message":"DB :: File :: get :: undefined","timestamp":"2022-06-25T05:27:36.581Z"}
{"level":"info","message":"DB :: File :: get :: f9cd8182-129f-4a18-96d4-5f7ce4815de0","timestamp":"2022-06-25T05:28:06.799Z"}
{"level":"info","message":"DB :: File :: get :: f9cd8182-129f-4a18-96d4-5f7ce4815de0","timestamp":"2022-06-25T05:28:13.353Z"}
{"level":"info","message":"DB :: Request :: Add","timestamp":"2022-06-25T05:28:13.357Z"}
{"level":"info","message":"DB :: File :: get :: f9cd8182-129f-4a18-96d4-5f7ce4815de0","timestamp":"2022-06-25T05:29:37.774Z"}
{"level":"info","message":"DB :: Request :: Add","timestamp":"2022-06-25T05:29:37.784Z"}
{"level":"info","message":"DB :: File :: get :: f9cd8182-129f-4a18-96d4-5f7ce4815de0","timestamp":"2022-06-25T05:30:22.823Z"}
{"level":"info","message":"DB :: Files :: Add","timestamp":"2022-06-25T05:36:46.794Z"}
{"level":"info","message":"DB :: File :: get :: 7205fe47-7500-4f86-af03-338a16295eb6","timestamp":"2022-06-25T05:36:47.635Z"}
{"level":"info","message":"DB :: File :: get :: 7205fe47-7500-4f86-af03-338a16295eb6","timestamp":"2022-06-25T08:43:16.257Z"}
{"level":"info","message":"DB :: File :: get :: 7205fe47-7500-4f86-af03-338a16295eb6","timestamp":"2022-06-25T08:43:25.093Z"}
{"level":"info","message":"DB :: Request :: Add","timestamp":"2022-06-25T08:43:25.096Z"}
{"level":"info","message":"DB :: File :: get :: 7205fe47-7500-4f86-af03-338a16295eb6","timestamp":"2022-06-25T08:43:40.478Z"}
{"level":"info","message":"DB :: Request :: Add","timestamp":"2022-06-25T08:43:40.483Z"}
{"level":"info","message":"DB :: File :: get :: 7205fe47-7500-4f86-af03-338a16295eb6","timestamp":"2022-06-25T08:44:24.798Z"}
{"level":"info","message":"DB :: File :: get :: 7205fe47-7500-4f86-af03-338a16295eb6","timestamp":"2022-06-25T08:44:34.785Z"}
{"level":"info","message":"DB :: File :: get :: 7205fe47-7500-4f86-af03-338a16295eb6","timestamp":"2022-06-25T08:44:48.288Z"}
{"level":"info","message":"DB :: File :: get :: 7205fe47-7500-4f86-af03-338a16295eb6","timestamp":"2022-06-25T08:46:02.828Z"}
{"level":"info","message":"DB :: File :: get :: 7205fe47-7500-4f86-af03-338a16295eb6","timestamp":"2022-06-25T08:46:21.993Z"}
{"level":"info","message":"DB :: File :: get :: 7205fe47-7500-4f86-af03-338a16295eb6","timestamp":"2022-06-25T08:46:32.117Z"}
{"level":"info","message":"DB :: Request :: Add","timestamp":"2022-06-25T08:46:32.126Z"}
{"level":"info","message":"DB :: File :: get :: 7205fe47-7500-4f86-af03-338a16295eb6","timestamp":"2022-06-25T08:46:51.004Z"}
{"level":"info","message":"DB :: File :: get :: 7205fe47-7500-4f86-af03-338a16295eb6","timestamp":"2022-06-25T08:46:56.120Z"}
{"level":"info","message":"DB :: Request :: Add","timestamp":"2022-06-25T08:46:56.122Z"}
{"level":"info","message":"DB :: File :: get :: 7205fe47-7500-4f86-af03-338a16295eb6","timestamp":"2022-06-25T08:49:54.416Z"}
{"level":"info","message":"DB :: File :: get :: 7205fe47-7500-4f86-af03-338a16295eb6","timestamp":"2022-06-25T08:49:57.324Z"}
{"level":"info","message":"DB :: File :: get :: 7205fe47-7500-4f86-af03-338a16295eb6","timestamp":"2022-06-25T08:50:07.877Z"}
{"level":"info","message":"DB :: Request :: Add","timestamp":"2022-06-25T08:50:07.884Z"}
{"level":"info","message":"DB :: File :: get :: 7205fe47-7500-4f86-af03-338a16295eb6","timestamp":"2022-06-25T09:03:10.558Z"}
{"level":"info","message":"DB :: File :: get :: 7205fe47-7500-4f86-af03-338a16295eb6","timestamp":"2022-06-25T09:05:01.489Z"}
{"level":"info","message":"DB :: Request :: Add","timestamp":"2022-06-25T09:05:01.492Z"}
{"level":"info","message":"DB :: File :: get :: 7205fe47-7500-4f86-af03-338a16295eb6","timestamp":"2022-06-25T09:06:33.456Z"}
{"level":"info","message":"DB :: File :: get :: 7205fe47-7500-4f86-af03-338a16295eb6","timestamp":"2022-06-25T09:06:35.232Z"}
{"level":"info","message":"DB :: File :: get :: 7205fe47-7500-4f86-af03-338a16295eb6","timestamp":"2022-06-25T09:06:41.206Z"}
{"level":"info","message":"DB :: Request :: Add","timestamp":"2022-06-25T09:06:41.207Z"}
{"level":"info","message":"DB :: File :: get :: 7205fe47-7500-4f86-af03-338a16295eb6","timestamp":"2022-06-25T09:06:41.219Z"}
{"level":"info","message":"DB :: File :: get :: 7205fe47-7500-4f86-af03-338a16295eb6","timestamp":"2022-06-25T09:06:58.427Z"}
{"level":"info","message":"DB :: File :: get :: 7205fe47-7500-4f86-af03-338a16295eb6","timestamp":"2022-06-25T09:13:43.497Z"}
{"level":"info","message":"DB :: File :: get :: 7205fe47-7500-4f86-af03-338a16295eb6","timestamp":"2022-06-25T09:13:55.804Z"}
{"level":"info","message":"DB :: File :: get :: 7205fe47-7500-4f86-af03-338a16295eb6","timestamp":"2022-06-25T09:23:43.661Z"}
{"level":"info","message":"DB :: File :: get :: 7205fe47-7500-4f86-af03-338a16295eb6","timestamp":"2022-06-25T09:23:57.659Z"}
{"level":"info","message":"DB :: File :: get :: 7205fe47-7500-4f86-af03-338a16295eb6","timestamp":"2022-06-25T09:26:24.137Z"}
{"level":"info","message":"DB :: File :: get :: 7205fe47-7500-4f86-af03-338a16295eb6","timestamp":"2022-06-25T09:41:55.061Z"}
{"level":"info","message":"DB :: File :: get :: 7205fe47-7500-4f86-af03-338a16295eb6","timestamp":"2022-06-25T09:42:03.971Z"}
{"level":"info","message":"DB :: File :: get :: 7205fe47-7500-4f86-af03-338a16295eb6","timestamp":"2022-06-25T09:42:05.983Z"}
{"level":"info","message":"DB :: File :: get :: 7205fe47-7500-4f86-af03-338a16295eb6","timestamp":"2022-06-25T09:42:21.704Z"}
{"level":"info","message":"DB :: File :: get :: 7205fe47-7500-4f86-af03-338a16295eb6","timestamp":"2022-06-25T09:42:48.836Z"}
{"level":"info","message":"DB :: File :: get :: 7205fe47-7500-4f86-af03-338a16295eb6","timestamp":"2022-06-25T09:42:56.433Z"}
{"level":"info","message":"DB :: File :: get :: 7205fe47-7500-4f86-af03-338a16295eb6","timestamp":"2022-06-25T09:42:58.330Z"}
{"level":"info","message":"DB :: File :: get :: 7205fe47-7500-4f86-af03-338a16295eb6","timestamp":"2022-06-25T09:44:11.133Z"}
{"level":"info","message":"DB :: File :: get :: 7205fe47-7500-4f86-af03-338a16295eb6","timestamp":"2022-06-25T09:44:16.613Z"}
{"level":"info","message":"DB :: File :: get :: 7205fe47-7500-4f86-af03-338a16295eb6","timestamp":"2022-06-25T09:44:41.517Z"}
{"level":"info","message":"DB :: File :: get :: 7205fe47-7500-4f86-af03-338a16295eb6","timestamp":"2022-06-25T09:44:42.541Z"}
{"level":"info","message":"DB :: File :: get :: 7205fe47-7500-4f86-af03-338a16295eb6","timestamp":"2022-06-25T09:44:44.552Z"}
{"level":"info","message":"DB :: File :: get :: 7205fe47-7500-4f86-af03-338a16295eb6","timestamp":"2022-06-25T09:44:48.584Z"}
{"level":"info","message":"DB :: File :: get :: 7205fe47-7500-4f86-af03-338a16295eb6","timestamp":"2022-06-25T09:45:07.008Z"}
{"level":"info","message":"DB :: File :: get :: 7205fe47-7500-4f86-af03-338a16295eb6","timestamp":"2022-06-25T09:45:22.843Z"}
{"level":"info","message":"DB :: File :: get :: 7205fe47-7500-4f86-af03-338a16295eb6","timestamp":"2022-06-25T09:46:45.691Z"}
{"level":"info","message":"DB :: File :: get :: 7205fe47-7500-4f86-af03-338a16295eb6","timestamp":"2022-06-25T09:46:47.767Z"}
{"level":"info","message":"DB :: File :: get :: 7205fe47-7500-4f86-af03-338a16295eb6","timestamp":"2022-06-25T09:47:01.180Z"}
{"level":"info","message":"DB :: File :: get :: 7205fe47-7500-4f86-af03-338a16295eb6","timestamp":"2022-06-25T09:47:03.201Z"}
{"level":"info","message":"DB :: File :: get :: 7205fe47-7500-4f86-af03-338a16295eb6","timestamp":"2022-06-25T09:48:49.343Z"}
{"level":"info","message":"DB :: File :: get :: 7205fe47-7500-4f86-af03-338a16295eb6","timestamp":"2022-06-25T09:49:17.772Z"}
{"level":"info","message":"DB :: File :: get :: 7205fe47-7500-4f86-af03-338a16295eb6","timestamp":"2022-06-25T09:51:39.883Z"}
{"level":"info","message":"DB :: File :: get :: 7205fe47-7500-4f86-af03-338a16295eb6","timestamp":"2022-06-25T09:52:28.175Z"}
{"level":"info","message":"DB :: File :: get :: 7205fe47-7500-4f86-af03-338a16295eb6","timestamp":"2022-06-25T10:39:24.465Z"}
{"level":"info","message":"DB :: File :: get :: 7205fe47-7500-4f86-af03-338a16295eb6","timestamp":"2022-06-25T10:39:27.229Z"}
{"level":"info","message":"DB :: File :: get :: 7205fe47-7500-4f86-af03-338a16295eb6","timestamp":"2022-06-25T10:39:47.415Z"}
{"level":"info","message":"DB :: File :: get :: 7205fe47-7500-4f86-af03-338a16295eb6","timestamp":"2022-06-25T10:40:42.421Z"}
{"level":"info","message":"DB :: File :: get :: 7205fe47-7500-4f86-af03-338a16295eb6","timestamp":"2022-06-25T10:40:43.991Z"}
{"level":"info","message":"DB :: File :: get :: 7205fe47-7500-4f86-af03-338a16295eb6","timestamp":"2022-06-25T10:43:55.957Z"}
{"level":"info","message":"DB :: File :: get :: 7205fe47-7500-4f86-af03-338a16295eb6","timestamp":"2022-06-25T10:44:20.784Z"}
{"level":"info","message":"DB :: File :: get :: 7205fe47-7500-4f86-af03-338a16295eb6","timestamp":"2022-06-25T10:44:47.894Z"}
{"level":"info","message":"DB :: File :: get :: 7205fe47-7500-4f86-af03-338a16295eb6","timestamp":"2022-06-25T11:48:39.656Z"}
{"level":"info","message":"DB :: File :: get :: 7205fe47-7500-4f86-af03-338a16295eb6","timestamp":"2022-06-25T11:49:30.931Z"}
{"level":"info","message":"DB :: File :: get :: 7205fe47-7500-4f86-af03-338a16295eb6","timestamp":"2022-06-25T14:43:19.946Z"}
{"level":"info","message":"DB :: File :: get :: 7205fe47-7500-4f86-af03-338a16295eb6","timestamp":"2022-06-25T14:52:19.174Z"}
{"level":"info","message":"DB :: File :: get :: 7205fe47-7500-4f86-af03-338a16295eb6","timestamp":"2022-06-25T14:52:20.086Z"}
{"level":"info","message":"DB :: File :: get :: 7205fe47-7500-4f86-af03-338a16295eb6","timestamp":"2022-06-25T14:52:22.143Z"}
{"level":"info","message":"DB :: File :: get :: 7205fe47-7500-4f86-af03-338a16295eb6","timestamp":"2022-06-25T14:52:56.205Z"}
{"level":"info","message":"DB :: File :: get :: 7205fe47-7500-4f86-af03-338a16295eb6","timestamp":"2022-06-25T14:53:01.391Z"}
{"level":"info","message":"DB :: File :: get :: 7205fe47-7500-4f86-af03-338a16295eb6","timestamp":"2022-06-25T14:53:07.647Z"}
{"level":"info","message":"DB :: File :: get :: 7205fe47-7500-4f86-af03-338a16295eb6","timestamp":"2022-06-25T14:53:24.714Z"}
{"level":"info","message":"DB :: File :: get :: 7205fe47-7500-4f86-af03-338a16295eb6","timestamp":"2022-06-25T14:53:41.795Z"}
{"level":"info","message":"DB :: Request :: Add","timestamp":"2022-06-25T14:53:41.802Z"}
{"level":"info","message":"DB :: File :: get :: 7205fe47-7500-4f86-af03-338a16295eb6","timestamp":"2022-06-25T14:53:41.824Z"}
{"level":"info","message":"DB :: File :: get :: 7205fe47-7500-4f86-af03-338a16295eb6","timestamp":"2022-06-25T16:02:18.365Z"}
{"level":"info","message":"DB :: File :: get :: 7205fe47-7500-4f86-af03-338a16295eb6","timestamp":"2022-06-25T16:03:44.083Z"}
{"level":"info","message":"DB :: File :: get :: 7205fe47-7500-4f86-af03-338a16295eb6","timestamp":"2022-06-25T16:04:07.078Z"}
{"level":"info","message":"DB :: File :: get :: 7205fe47-7500-4f86-af03-338a16295eb6","timestamp":"2022-06-25T16:06:06.096Z"}
{"level":"info","message":"DB :: File :: get :: 7205fe47-7500-4f86-af03-338a16295eb6","timestamp":"2022-06-25T16:06:07.157Z"}
{"level":"info","message":"DB :: File :: get :: 7205fe47-7500-4f86-af03-338a16295eb6","timestamp":"2022-06-25T16:06:10.685Z"}
{"level":"info","message":"DB :: File :: get :: 7205fe47-7500-4f86-af03-338a16295eb6","timestamp":"2022-06-25T16:06:51.497Z"}
{"level":"info","message":"DB :: Files :: Add","timestamp":"2022-06-25T16:07:06.676Z"}
{"level":"info","message":"DB :: Files :: Add","timestamp":"2022-06-25T16:07:36.102Z"}
{"level":"info","message":"DB :: Files :: Add","timestamp":"2022-06-25T16:11:24.022Z"}
{"level":"info","message":"DB :: Files :: Add","timestamp":"2022-06-25T16:14:50.144Z"}
{"level":"info","message":"DB :: File :: get :: 9542a598-a5ff-450d-a3fe-bdf93d178d21","timestamp":"2022-06-25T16:15:00.072Z"}
{"level":"info","message":"DB :: Files :: Add","timestamp":"2022-06-25T16:16:40.897Z"}
{"level":"info","message":"DB :: File :: get :: a1dd8dff-e7d4-45e5-8035-2853c009ad21","timestamp":"2022-06-25T16:17:00.346Z"}
{"level":"info","message":"DB :: File :: get :: a1dd8dff-e7d4-45e5-8035-2853c009ad21","timestamp":"2022-06-25T16:17:48.800Z"}
{"level":"info","message":"DB :: File :: get :: a1dd8dff-e7d4-45e5-8035-2853c009ad21","timestamp":"2022-06-25T16:18:27.638Z"}
{"level":"info","message":"DB :: Request :: Add","timestamp":"2022-06-25T16:18:27.654Z"}
{"level":"info","message":"DB :: File :: get :: a1dd8dff-e7d4-45e5-8035-2853c009ad21","timestamp":"2022-06-25T16:18:27.676Z"}
{"level":"info","message":"DB :: File :: get :: a1dd8dff-e7d4-45e5-8035-2853c009ad21","timestamp":"2022-06-25T16:20:01.231Z"}
{"level":"info","message":"DB :: File :: get :: a1dd8dff-e7d4-45e5-8035-2853c009ad21","timestamp":"2022-06-25T16:27:00.438Z"}
{"level":"info","message":"DB :: File :: get :: a1dd8dff-e7d4-45e5-8035-2853c009ad21","timestamp":"2022-06-25T16:27:37.923Z"}
{"level":"info","message":"DB :: File :: get :: a1dd8dff-e7d4-45e5-8035-2853c009ad21","timestamp":"2022-06-25T16:33:28.038Z"}
{"level":"info","message":"DB :: Files :: Add","timestamp":"2022-06-25T16:33:41.788Z"}
{"level":"info","message":"DB :: File :: get :: d4076976-f00b-4754-8529-d35f958fbe73","timestamp":"2022-06-25T16:33:46.592Z"}
{"level":"info","message":"DB :: File :: get :: d4076976-f00b-4754-8529-d35f958fbe73","timestamp":"2022-06-25T16:33:47.654Z"}
{"level":"info","message":"DB :: File :: get :: d4076976-f00b-4754-8529-d35f958fbe73","timestamp":"2022-06-25T16:34:11.301Z"}
{"level":"info","message":"DB :: File :: get :: d4076976-f00b-4754-8529-d35f958fbe73","timestamp":"2022-06-25T16:34:12.972Z"}
{"level":"info","message":"DB :: File :: get :: d4076976-f00b-4754-8529-d35f958fbe73","timestamp":"2022-06-25T16:35:00.508Z"}
{"level":"info","message":"DB :: File :: get :: d4076976-f00b-4754-8529-d35f958fbe73","timestamp":"2022-06-25T16:35:46.594Z"}
{"level":"info","message":"DB :: File :: get :: d4076976-f00b-4754-8529-d35f958fbe73","timestamp":"2022-06-25T16:35:48.227Z"}
{"level":"info","message":"DB :: File :: get :: a1dd8dff-e7d4-45e5-8035-2853c009ad21","timestamp":"2022-06-25T16:35:56.227Z"}
{"level":"info","message":"DB :: File :: get :: a1dd8dff-e7d4-45e5-8035-2853c009ad21","timestamp":"2022-06-25T16:37:04.051Z"}
{"level":"info","message":"DB :: File :: get :: d4076976-f00b-4754-8529-d35f958fbe73","timestamp":"2022-06-25T16:37:12.209Z"}
{"level":"info","message":"DB :: File :: get :: d4076976-f00b-4754-8529-d35f958fbe73","timestamp":"2022-06-25T16:45:40.471Z"}
{"level":"info","message":"DB :: File :: get :: a1dd8dff-e7d4-45e5-8035-2853c009ad21","timestamp":"2022-06-25T16:45:47.166Z"}
{"level":"info","message":"DB :: File :: get :: a1dd8dff-e7d4-45e5-8035-2853c009ad21","timestamp":"2022-06-25T16:47:32.834Z"}
{"level":"info","message":"DB :: File :: get :: a1dd8dff-e7d4-45e5-8035-2853c009ad21","timestamp":"2022-06-25T16:47:50.492Z"}
{"level":"info","message":"DB :: File :: get :: d4076976-f00b-4754-8529-d35f958fbe73","timestamp":"2022-06-25T16:47:50.495Z"}
{"level":"info","message":"DB :: File :: get :: a1dd8dff-e7d4-45e5-8035-2853c009ad21","timestamp":"2022-06-25T16:48:05.206Z"}
{"level":"info","message":"DB :: File :: get :: d4076976-f00b-4754-8529-d35f958fbe73","timestamp":"2022-06-25T16:48:11.577Z"}
{"level":"info","message":"DB :: File :: get :: d4076976-f00b-4754-8529-d35f958fbe73","timestamp":"2022-06-25T17:52:13.815Z"}
{"level":"info","message":"DB :: File :: get :: d4076976-f00b-4754-8529-d35f958fbe73","timestamp":"2022-06-25T17:52:15.933Z"}
{"level":"info","message":"DB :: File :: get :: a1dd8dff-e7d4-45e5-8035-2853c009ad21","timestamp":"2022-06-25T17:52:45.385Z"}
{"level":"info","message":"DB :: File :: get :: a1dd8dff-e7d4-45e5-8035-2853c009ad21","timestamp":"2022-06-25T17:53:39.104Z"}
{"level":"info","message":"DB :: File :: get :: d4076976-f00b-4754-8529-d35f958fbe73","timestamp":"2022-06-25T17:53:57.732Z"}
{"level":"info","message":"DB :: File :: get :: d4076976-f00b-4754-8529-d35f958fbe73","timestamp":"2022-06-25T17:54:50.072Z"}
{"level":"info","message":"DB :: File :: get :: a1dd8dff-e7d4-45e5-8035-2853c009ad21","timestamp":"2022-06-25T17:54:50.318Z"}
{"level":"info","message":"DB :: File :: get :: d4076976-f00b-4754-8529-d35f958fbe73","timestamp":"2022-06-25T17:55:28.177Z"}
{"level":"info","message":"DB :: File :: get :: d4076976-f00b-4754-8529-d35f958fbe73","timestamp":"2022-06-25T17:55:32.646Z"}
{"level":"info","message":"DB :: File :: get :: a1dd8dff-e7d4-45e5-8035-2853c009ad21","timestamp":"2022-06-25T17:57:22.418Z"}
{"level":"info","message":"DB :: File :: get :: d4076976-f00b-4754-8529-d35f958fbe73","timestamp":"2022-06-25T17:57:23.208Z"}
{"level":"info","message":"DB :: File :: get :: a1dd8dff-e7d4-45e5-8035-2853c009ad21","timestamp":"2022-06-25T17:57:24.492Z"}
{"level":"info","message":"DB :: File :: get :: a1dd8dff-e7d4-45e5-8035-2853c009ad21","timestamp":"2022-06-25T18:01:00.259Z"}
{"level":"info","message":"DB :: File :: get :: d4076976-f00b-4754-8529-d35f958fbe73","timestamp":"2022-06-25T18:01:01.321Z"}
{"level":"info","message":"DB :: File :: get :: a1dd8dff-e7d4-45e5-8035-2853c009ad21","timestamp":"2022-06-25T18:01:05.390Z"}
{"level":"info","message":"DB :: File :: get :: d4076976-f00b-4754-8529-d35f958fbe73","timestamp":"2022-06-25T18:01:06.357Z"}
{"level":"info","message":"DB :: File :: get :: a1dd8dff-e7d4-45e5-8035-2853c009ad21","timestamp":"2022-06-25T18:01:09.777Z"}
{"level":"info","message":"DB :: File :: get :: d4076976-f00b-4754-8529-d35f958fbe73","timestamp":"2022-06-25T18:01:10.046Z"}
{"level":"info","message":"DB :: File :: get :: a1dd8dff-e7d4-45e5-8035-2853c009ad21","timestamp":"2022-06-25T18:01:17.416Z"}
{"level":"info","message":"DB :: File :: get :: d4076976-f00b-4754-8529-d35f958fbe73","timestamp":"2022-06-25T18:01:18.935Z"}
{"level":"info","message":"DB :: File :: get :: a1dd8dff-e7d4-45e5-8035-2853c009ad21","timestamp":"2022-06-25T18:03:24.160Z"}
{"level":"info","message":"DB :: File :: get :: d4076976-f00b-4754-8529-d35f958fbe73","timestamp":"2022-06-25T18:03:25.015Z"}
{"level":"info","message":"DB :: File :: get :: a1dd8dff-e7d4-45e5-8035-2853c009ad21","timestamp":"2022-06-25T18:07:21.210Z"}
{"level":"info","message":"DB :: File :: get :: d4076976-f00b-4754-8529-d35f958fbe73","timestamp":"2022-06-25T18:07:22.348Z"}
{"level":"info","message":"DB :: File :: get :: a1dd8dff-e7d4-45e5-8035-2853c009ad21","timestamp":"2022-06-25T18:07:24.477Z"}
{"level":"info","message":"DB :: File :: get :: d4076976-f00b-4754-8529-d35f958fbe73","timestamp":"2022-06-25T18:07:35.890Z"}
{"level":"info","message":"DB :: File :: get :: d4076976-f00b-4754-8529-d35f958fbe73","timestamp":"2022-06-25T18:07:51.285Z"}
{"level":"info","message":"DB :: File :: get :: a1dd8dff-e7d4-45e5-8035-2853c009ad21","timestamp":"2022-06-25T18:07:52.297Z"}
{"level":"info","message":"DB :: File :: get :: a1dd8dff-e7d4-45e5-8035-2853c009ad21","timestamp":"2022-06-25T18:08:15.261Z"}
{"level":"info","message":"DB :: File :: get :: d4076976-f00b-4754-8529-d35f958fbe73","timestamp":"2022-06-25T18:08:16.328Z"}
{"level":"info","message":"DB :: File :: get :: a1dd8dff-e7d4-45e5-8035-2853c009ad21","timestamp":"2022-06-25T18:08:22.322Z"}
{"level":"info","message":"DB :: File :: get :: d4076976-f00b-4754-8529-d35f958fbe73","timestamp":"2022-06-25T18:08:23.044Z"}
{"level":"info","message":"DB :: File :: get :: a1dd8dff-e7d4-45e5-8035-2853c009ad21","timestamp":"2022-06-25T18:08:59.855Z"}
{"level":"info","message":"DB :: File :: get :: d4076976-f00b-4754-8529-d35f958fbe73","timestamp":"2022-06-25T18:09:00.007Z"}
{"level":"info","message":"DB :: File :: get :: a1dd8dff-e7d4-45e5-8035-2853c009ad21","timestamp":"2022-06-25T18:09:17.547Z"}
{"level":"info","message":"DB :: File :: get :: d4076976-f00b-4754-8529-d35f958fbe73","timestamp":"2022-06-25T18:09:18.013Z"}
{"level":"info","message":"DB :: File :: get :: d4076976-f00b-4754-8529-d35f958fbe73","timestamp":"2022-06-25T18:09:53.955Z"}
{"level":"info","message":"DB :: File :: get :: a1dd8dff-e7d4-45e5-8035-2853c009ad21","timestamp":"2022-06-25T18:09:53.977Z"}
{"level":"info","message":"DB :: File :: get :: a1dd8dff-e7d4-45e5-8035-2853c009ad21","timestamp":"2022-06-25T18:10:03.585Z"}
{"level":"info","message":"DB :: File :: get :: d4076976-f00b-4754-8529-d35f958fbe73","timestamp":"2022-06-25T18:10:04.101Z"}
{"level":"info","message":"DB :: File :: get :: a1dd8dff-e7d4-45e5-8035-2853c009ad21","timestamp":"2022-06-25T18:13:19.055Z"}
{"level":"info","message":"DB :: File :: get :: d4076976-f00b-4754-8529-d35f958fbe73","timestamp":"2022-06-25T18:13:19.080Z"}
{"level":"info","message":"DB :: File :: get :: a1dd8dff-e7d4-45e5-8035-2853c009ad21","timestamp":"2022-06-25T18:13:22.050Z"}
{"level":"info","message":"DB :: File :: get :: d4076976-f00b-4754-8529-d35f958fbe73","timestamp":"2022-06-25T18:13:22.146Z"}
{"level":"info","message":"DB :: File :: get :: a1dd8dff-e7d4-45e5-8035-2853c009ad21","timestamp":"2022-06-25T18:13:40.360Z"}
{"level":"info","message":"DB :: File :: get :: d4076976-f00b-4754-8529-d35f958fbe73","timestamp":"2022-06-25T18:13:40.362Z"}
{"level":"info","message":"DB :: File :: get :: d4076976-f00b-4754-8529-d35f958fbe73","timestamp":"2022-06-25T18:13:55.112Z"}
{"level":"info","message":"DB :: File :: get :: a1dd8dff-e7d4-45e5-8035-2853c009ad21","timestamp":"2022-06-25T18:13:55.141Z"}
{"level":"info","message":"DB :: File :: get :: d4076976-f00b-4754-8529-d35f958fbe73","timestamp":"2022-06-25T18:13:58.010Z"}
{"level":"info","message":"DB :: File :: get :: a1dd8dff-e7d4-45e5-8035-2853c009ad21","timestamp":"2022-06-25T18:14:00.194Z"}
{"level":"info","message":"DB :: File :: get :: d4076976-f00b-4754-8529-d35f958fbe73","timestamp":"2022-06-25T18:14:34.681Z"}
{"level":"info","message":"DB :: File :: get :: d4076976-f00b-4754-8529-d35f958fbe73","timestamp":"2022-06-25T18:15:30.539Z"}
{"level":"info","message":"DB :: File :: get :: a1dd8dff-e7d4-45e5-8035-2853c009ad21","timestamp":"2022-06-25T18:16:07.692Z"}
{"level":"info","message":"DB :: File :: get :: d4076976-f00b-4754-8529-d35f958fbe73","timestamp":"2022-06-25T18:16:08.110Z"}
{"level":"info","message":"DB :: File :: get :: a1dd8dff-e7d4-45e5-8035-2853c009ad21","timestamp":"2022-06-25T18:17:43.308Z"}
{"level":"info","message":"DB :: File :: get :: d4076976-f00b-4754-8529-d35f958fbe73","timestamp":"2022-06-25T18:17:43.311Z"}
{"level":"info","message":"DB :: File :: get :: a1dd8dff-e7d4-45e5-8035-2853c009ad21","timestamp":"2022-06-25T18:20:22.675Z"}
{"level":"info","message":"DB :: File :: get :: d4076976-f00b-4754-8529-d35f958fbe73","timestamp":"2022-06-25T18:20:23.057Z"}
{"level":"info","message":"DB :: File :: get :: a1dd8dff-e7d4-45e5-8035-2853c009ad21","timestamp":"2022-06-25T18:22:06.019Z"}
{"level":"info","message":"DB :: File :: get :: d4076976-f00b-4754-8529-d35f958fbe73","timestamp":"2022-06-25T18:22:06.021Z"}
{"level":"info","message":"DB :: File :: get :: d4076976-f00b-4754-8529-d35f958fbe73","timestamp":"2022-06-25T18:22:07.981Z"}
{"level":"info","message":"DB :: File :: get :: a1dd8dff-e7d4-45e5-8035-2853c009ad21","timestamp":"2022-06-25T18:22:07.994Z"}
{"level":"info","message":"DB :: File :: get :: d4076976-f00b-4754-8529-d35f958fbe73","timestamp":"2022-06-25T18:22:13.635Z"}
{"level":"info","message":"DB :: File :: get :: d4076976-f00b-4754-8529-d35f958fbe73","timestamp":"2022-06-25T18:22:23.433Z"}
{"level":"info","message":"DB :: Request :: Add","timestamp":"2022-06-25T18:22:23.437Z"}
{"level":"info","message":"DB :: File :: get :: d4076976-f00b-4754-8529-d35f958fbe73","timestamp":"2022-06-25T18:22:23.455Z"}
{"level":"info","message":"DB :: File :: get :: a1dd8dff-e7d4-45e5-8035-2853c009ad21","timestamp":"2022-06-25T18:22:49.476Z"}
{"level":"info","message":"DB :: File :: get :: d4076976-f00b-4754-8529-d35f958fbe73","timestamp":"2022-06-25T18:22:49.478Z"}
{"level":"info","message":"DB :: File :: get :: a1dd8dff-e7d4-45e5-8035-2853c009ad21","timestamp":"2022-06-25T18:22:50.013Z"}
{"level":"info","message":"DB :: File :: get :: d4076976-f00b-4754-8529-d35f958fbe73","timestamp":"2022-06-25T18:22:50.014Z"}
{"level":"info","message":"DB :: File :: get :: d4076976-f00b-4754-8529-d35f958fbe73","timestamp":"2022-06-25T18:23:36.977Z"}
{"level":"info","message":"DB :: File :: get :: a1dd8dff-e7d4-45e5-8035-2853c009ad21","timestamp":"2022-06-25T18:23:39.018Z"}
{"level":"info","message":"DB :: File :: get :: a1dd8dff-e7d4-45e5-8035-2853c009ad21","timestamp":"2022-06-25T18:24:05.895Z"}
{"level":"info","message":"DB :: File :: get :: d4076976-f00b-4754-8529-d35f958fbe73","timestamp":"2022-06-25T18:24:06.014Z"}
{"level":"info","message":"DB :: File :: get :: a1dd8dff-e7d4-45e5-8035-2853c009ad21","timestamp":"2022-06-25T18:24:44.097Z"}
{"level":"info","message":"DB :: File :: get :: a1dd8dff-e7d4-45e5-8035-2853c009ad21","timestamp":"2022-06-25T18:26:12.648Z"}
{"level":"info","message":"DB :: File :: get :: d4076976-f00b-4754-8529-d35f958fbe73","timestamp":"2022-06-25T18:26:13.143Z"}
{"level":"info","message":"DB :: File :: get :: a1dd8dff-e7d4-45e5-8035-2853c009ad21","timestamp":"2022-06-25T18:26:21.639Z"}
{"level":"info","message":"DB :: File :: get :: a1dd8dff-e7d4-45e5-8035-2853c009ad21","timestamp":"2022-06-25T18:26:33.239Z"}
{"level":"info","message":"DB :: File :: get :: d4076976-f00b-4754-8529-d35f958fbe73","timestamp":"2022-06-25T18:26:34.380Z"}
{"level":"info","message":"DB :: File :: get :: a1dd8dff-e7d4-45e5-8035-2853c009ad21","timestamp":"2022-06-25T18:26:52.559Z"}
{"level":"info","message":"DB :: Request :: Add","timestamp":"2022-06-25T18:26:52.565Z"}
{"level":"info","message":"DB :: File :: get :: a1dd8dff-e7d4-45e5-8035-2853c009ad21","timestamp":"2022-06-25T18:26:52.586Z"}
{"level":"info","message":"DB :: File :: get :: a1dd8dff-e7d4-45e5-8035-2853c009ad21","timestamp":"2022-06-25T18:28:05.793Z"}
{"level":"info","message":"DB :: File :: get :: d4076976-f00b-4754-8529-d35f958fbe73","timestamp":"2022-06-25T18:28:06.088Z"}
{"level":"info","message":"DB :: File :: get :: a1dd8dff-e7d4-45e5-8035-2853c009ad21","timestamp":"2022-06-25T18:30:09.073Z"}
{"level":"info","message":"DB :: File :: get :: d4076976-f00b-4754-8529-d35f958fbe73","timestamp":"2022-06-25T18:30:09.075Z"}
{"level":"info","message":"DB :: File :: get :: d4076976-f00b-4754-8529-d35f958fbe73","timestamp":"2022-06-25T18:30:16.207Z"}
{"level":"info","message":"DB :: File :: get :: a1dd8dff-e7d4-45e5-8035-2853c009ad21","timestamp":"2022-06-25T18:30:16.209Z"}
{"level":"info","message":"DB :: File :: get :: d4076976-f00b-4754-8529-d35f958fbe73","timestamp":"2022-06-25T18:30:43.427Z"}
{"level":"info","message":"DB :: File :: get :: a1dd8dff-e7d4-45e5-8035-2853c009ad21","timestamp":"2022-06-25T18:30:43.429Z"}
{"level":"info","message":"DB :: File :: get :: a1dd8dff-e7d4-45e5-8035-2853c009ad21","timestamp":"2022-06-25T18:30:49.570Z"}
{"level":"info","message":"DB :: File :: get :: a1dd8dff-e7d4-45e5-8035-2853c009ad21","timestamp":"2022-06-25T18:31:10.409Z"}
{"level":"info","message":"DB :: Files :: Add","timestamp":"2022-06-25T18:32:27.277Z"}
{"level":"info","message":"DB :: Files :: Add","timestamp":"2022-06-25T18:32:58.772Z"}
{"level":"info","message":"DB :: Files :: Add","timestamp":"2022-06-25T18:34:10.609Z"}
{"level":"info","message":"DB :: Files :: Add","timestamp":"2022-06-25T18:34:21.327Z"}
{"level":"info","message":"DB :: Files :: Add","timestamp":"2022-06-25T18:35:34.645Z"}
{"level":"info","message":"DB :: Files :: Add","timestamp":"2022-06-25T18:36:14.171Z"}
{"level":"info","message":"DB :: File :: get :: a2705775-8692-405c-a7b9-b4af264ccd31","timestamp":"2022-06-25T18:36:16.086Z"}
{"level":"info","message":"DB :: File :: get :: a2705775-8692-405c-a7b9-b4af264ccd31","timestamp":"2022-06-25T18:36:17.140Z"}
{"level":"info","message":"DB :: File :: get :: a2705775-8692-405c-a7b9-b4af264ccd31","timestamp":"2022-06-25T18:36:44.496Z"}
{"level":"info","message":"DB :: File :: get :: a2705775-8692-405c-a7b9-b4af264ccd31","timestamp":"2022-06-25T18:36:46.657Z"}
{"level":"info","message":"DB :: File :: get :: a2705775-8692-405c-a7b9-b4af264ccd31","timestamp":"2022-06-25T18:37:04.605Z"}
{"level":"info","message":"DB :: Request :: Add","timestamp":"2022-06-25T18:37:04.612Z"}
{"level":"info","message":"DB :: File :: get :: a2705775-8692-405c-a7b9-b4af264ccd31","timestamp":"2022-06-25T18:37:04.630Z"}
{"level":"info","message":"DB :: File :: get :: a2705775-8692-405c-a7b9-b4af264ccd31","timestamp":"2022-06-25T18:37:20.024Z"}
{"level":"info","message":"DB :: Files :: Add","timestamp":"2022-06-25T18:37:25.103Z"}
{"level":"info","message":"DB :: File :: get :: 9d65fcdf-6787-42de-959e-4c597e365e55","timestamp":"2022-06-25T18:37:35.096Z"}
{"level":"info","message":"DB :: File :: get :: 9d65fcdf-6787-42de-959e-4c597e365e55","timestamp":"2022-06-25T18:37:36.544Z"}
{"level":"info","message":"DB :: Files :: Add","timestamp":"2022-06-26T10:21:22.247Z"}
{"level":"info","message":"DB :: File :: get :: e9e704b7-8b6d-4b5f-8712-849dcf6eff49","timestamp":"2022-06-26T10:21:24.302Z"}
{"level":"info","message":"DB :: File :: get :: e9e704b7-8b6d-4b5f-8712-849dcf6eff49","timestamp":"2022-06-26T10:21:41.554Z"}
{"level":"info","message":"DB :: Request :: Add","timestamp":"2022-06-26T10:21:41.560Z"}
{"level":"info","message":"DB :: File :: get :: e9e704b7-8b6d-4b5f-8712-849dcf6eff49","timestamp":"2022-06-26T10:21:41.572Z"}
{"level":"info","message":"DB :: File :: get :: e9e704b7-8b6d-4b5f-8712-849dcf6eff49","timestamp":"2022-06-26T10:22:17.729Z"}
{"level":"info","message":"DB :: File :: get :: e9e704b7-8b6d-4b5f-8712-849dcf6eff49","timestamp":"2022-06-26T10:22:22.606Z"}
{"level":"info","message":"DB :: File :: get :: e9e704b7-8b6d-4b5f-8712-849dcf6eff49","timestamp":"2022-06-26T10:23:02.220Z"}
{"level":"info","message":"DB :: Files :: Add","timestamp":"2022-06-26T10:24:18.241Z"}
{"level":"info","message":"DB :: File :: get :: 26b73614-f4b4-4a8f-9315-e67ae19162b0","timestamp":"2022-06-26T10:24:19.673Z"}
{"level":"info","message":"DB :: File :: get :: 26b73614-f4b4-4a8f-9315-e67ae19162b0","timestamp":"2022-06-26T10:24:36.028Z"}
{"level":"info","message":"DB :: File :: get :: 26b73614-f4b4-4a8f-9315-e67ae19162b0","timestamp":"2022-06-26T10:25:03.519Z"}
{"level":"info","message":"DB :: File :: get :: e9e704b7-8b6d-4b5f-8712-849dcf6eff49","timestamp":"2022-06-26T10:25:03.522Z"}
{"level":"info","message":"DB :: File :: get :: e9e704b7-8b6d-4b5f-8712-849dcf6eff49","timestamp":"2022-06-26T10:25:33.328Z"}
{"level":"info","message":"DB :: File :: get :: e9e704b7-8b6d-4b5f-8712-849dcf6eff49","timestamp":"2022-06-26T10:25:53.187Z"}
{"level":"info","message":"DB :: Request :: Add","timestamp":"2022-06-26T10:25:53.195Z"}
{"level":"info","message":"DB :: File :: get :: e9e704b7-8b6d-4b5f-8712-849dcf6eff49","timestamp":"2022-06-26T10:25:53.214Z"}
{"level":"info","message":"DB :: File :: get :: 26b73614-f4b4-4a8f-9315-e67ae19162b0","timestamp":"2022-06-26T10:26:12.586Z"}
{"level":"info","message":"DB :: File :: get :: 26b73614-f4b4-4a8f-9315-e67ae19162b0","timestamp":"2022-06-26T10:26:48.448Z"}
{"level":"info","message":"DB :: File :: get :: e9e704b7-8b6d-4b5f-8712-849dcf6eff49","timestamp":"2022-06-26T10:26:50.408Z"}
{"level":"info","message":"DB :: Request :: getAll","timestamp":"2022-06-26T13:33:12.070Z"}
{"level":"info","message":"DB :: Request :: getAll","timestamp":"2022-06-26T13:33:16.122Z"}
{"level":"info","message":"DB :: Request :: getAll","timestamp":"2022-06-26T13:33:52.729Z"}
{"level":"info","message":"DB :: Request :: getAll","timestamp":"2022-06-26T13:33:58.011Z"}
{"level":"info","message":"DB :: Request :: getAll","timestamp":"2022-06-26T13:34:21.297Z"}
